生成启动时间为 2018/1/24 9:30:33。
     1>项目“D:\vsproj\GB28181\GB28181\GB28181.vcxproj”在节点 2 上(Build 个目标)。
     1>ClCompile:
         D:\Program Files (x86)\Microsoft Visual Studio 12.0\VC\bin\CL.exe /c /ID:\vsproj\GB28181\\include\osip /ID:\vsproj\GB28181\\include\mxml /ID:\vsproj\GB28181\\include\jthread /ID:\vsproj\GB28181\\include\jrtplib /Zi /nologo /W3 /WX- /sdl /O2 /Oi /Oy- /GL /D WIN32 /D NDEBUG /D _CONSOLE /D _LIB /D _UNICODE /D UNICODE /Gm- /EHsc /MD /GS /Gy /fp:precise /Zc:wchar_t /Zc:forScope /Fo"Release\\" /Fd"Release\vc120.pdb" /Gd /TP /analyze- /errorReport:prompt osipservice.cpp
         osipservice.cpp
     1>d:\vsproj\gb28181\include\jrtplib\rtpsources.h(349): warning C4251: “jrtplib::RTPSources::sourcelist”: class“jrtplib::RTPKeyHashTable<const uint32_t,jrtplib::RTPInternalSourceData *,jrtplib::RTPSources_GetHashIndex,8317>”需要有 dll 接口由 class“jrtplib::RTPSources”的客户端使用
     1>d:\vsproj\gb28181\include\jrtplib\rtpcollisionlist.h(89): warning C4251: “jrtplib::RTPCollisionList::addresslist”: class“std::list<jrtplib::RTPCollisionList::AddressAndTime,std::allocator<_Ty>>”需要有 dll 接口由 class“jrtplib::RTPCollisionList”的客户端使用
                 with
                 [
                     _Ty=jrtplib::RTPCollisionList::AddressAndTime
                 ]
     1>d:\vsproj\gb28181\include\jrtplib\rtcpsdesinfo.h(189): warning C4251: “jrtplib::RTCPSDESInfo::nonprivateitems”: class“jrtplib::RTCPSDESInfo::SDESItem”需要有 dll 接口由 class“jrtplib::RTCPSDESInfo”的客户端使用
                 d:\vsproj\gb28181\include\jrtplib\rtcpsdesinfo.h(141) : 参见“jrtplib::RTCPSDESInfo::SDESItem”的声明
     1>d:\vsproj\gb28181\include\jrtplib\rtcpsdesinfo.h(212): warning C4251: “jrtplib::RTCPSDESInfo::privitems”: class“std::list<jrtplib::RTCPSDESInfo::SDESPrivateItem *,std::allocator<_Ty>>”需要有 dll 接口由 class“jrtplib::RTCPSDESInfo”的客户端使用
                 with
                 [
                     _Ty=jrtplib::RTCPSDESInfo::SDESPrivateItem *
                 ]
     1>d:\vsproj\gb28181\include\jrtplib\rtcpsdesinfo.h(213): warning C4251: “jrtplib::RTCPSDESInfo::curitem”: class“std::_List_const_iterator<std::_List_val<std::_List_simple_types<jrtplib::RTCPSDESInfo::SDESPrivateItem *>>>”需要有 dll 接口由 class“jrtplib::RTCPSDESInfo”的客户端使用
     1>d:\vsproj\gb28181\include\jrtplib\rtcppacketbuilder.h(217): warning C4251: “jrtplib::RTCPPacketBuilder::ownsdesinfo”: class“jrtplib::RTCPPacketBuilder::RTCPSDESInfoInternal”需要有 dll 接口由 class“jrtplib::RTCPPacketBuilder”的客户端使用
                 d:\vsproj\gb28181\include\jrtplib\rtcppacketbuilder.h(196) : 参见“jrtplib::RTCPPacketBuilder::RTCPSDESInfoInternal”的声明
     1>d:\vsproj\gb28181\include\jrtplib\rtcpcompoundpacket.h(104): warning C4251: “jrtplib::RTCPCompoundPacket::rtcppacklist”: class“std::list<jrtplib::RTCPPacket *,std::allocator<_Ty>>”需要有 dll 接口由 class“jrtplib::RTCPCompoundPacket”的客户端使用
                 with
                 [
                     _Ty=jrtplib::RTCPPacket *
                 ]
     1>d:\vsproj\gb28181\include\jrtplib\rtcpcompoundpacket.h(105): warning C4251: “jrtplib::RTCPCompoundPacket::rtcppackit”: class“std::_List_const_iterator<std::_List_val<std::_List_simple_types<jrtplib::RTCPPacket *>>>”需要有 dll 接口由 class“jrtplib::RTCPCompoundPacket”的客户端使用
     1>d:\vsproj\gb28181\include\jrtplib\rtcpcompoundpacketbuilder.h(380): warning C4251: “jrtplib::RTCPCompoundPacketBuilder::report”: class“jrtplib::RTCPCompoundPacketBuilder::Report”需要有 dll 接口由 class“jrtplib::RTCPCompoundPacketBuilder”的客户端使用
                 d:\vsproj\gb28181\include\jrtplib\rtcpcompoundpacketbuilder.h(150) : 参见“jrtplib::RTCPCompoundPacketBuilder::Report”的声明
     1>d:\vsproj\gb28181\include\jrtplib\rtcpcompoundpacketbuilder.h(381): warning C4251: “jrtplib::RTCPCompoundPacketBuilder::sdes”: class“jrtplib::RTCPCompoundPacketBuilder::SDES”需要有 dll 接口由 class“jrtplib::RTCPCompoundPacketBuilder”的客户端使用
                 d:\vsproj\gb28181\include\jrtplib\rtcpcompoundpacketbuilder.h(271) : 参见“jrtplib::RTCPCompoundPacketBuilder::SDES”的声明
     1>d:\vsproj\gb28181\include\jrtplib\rtcpcompoundpacketbuilder.h(383): warning C4251: “jrtplib::RTCPCompoundPacketBuilder::byepackets”: class“std::list<jrtplib::RTCPCompoundPacketBuilder::Buffer,std::allocator<_Ty>>”需要有 dll 接口由 class“jrtplib::RTCPCompoundPacketBuilder”的客户端使用
                 with
                 [
                     _Ty=jrtplib::RTCPCompoundPacketBuilder::Buffer
                 ]
     1>d:\vsproj\gb28181\include\jrtplib\rtcpcompoundpacketbuilder.h(386): warning C4251: “jrtplib::RTCPCompoundPacketBuilder::apppackets”: class“std::list<jrtplib::RTCPCompoundPacketBuilder::Buffer,std::allocator<_Ty>>”需要有 dll 接口由 class“jrtplib::RTCPCompoundPacketBuilder”的客户端使用
                 with
                 [
                     _Ty=jrtplib::RTCPCompoundPacketBuilder::Buffer
                 ]
     1>D:\vsproj\GB28181\include\jrtplib\rtpsession.h(55): fatal error C1083: 无法打开包括文件: “jthread/jmutex.h”: No such file or directory
     1>已完成生成项目“D:\vsproj\GB28181\GB28181\GB28181.vcxproj”(Build 个目标)的操作 - 失败。

生成失败。

已用时间 00:00:00.78
